<?xml version="1.0" encoding="UTF-8"?>
<testng-results ignored="0" total="3" passed="0" failed="0" skipped="3">
  <reporter-output>
    <line>
      <![CDATA[openBrowser]]>
    </line>
  </reporter-output>
  <suite started-at="2023-05-19T11:13:13 IST" name="Default suite" finished-at="2023-05-19T11:16:03 IST" duration-ms="169869">
    <groups>
      <group name="regressionTest">
        <method signature="CustomerModule.createCustomer()[pri:0, instance:com.actitime.testscript.CustomerModule@31c88ec8]" name="createCustomer" class="com.actitime.testscript.CustomerModule"/>
        <method signature="CustomerModule.deleteCustomer()[pri:0, instance:com.actitime.testscript.CustomerModule@31c88ec8]" name="deleteCustomer" class="com.actitime.testscript.CustomerModule"/>
        <method signature="CustomerModule.modifyCustomer()[pri:0, instance:com.actitime.testscript.CustomerModule@31c88ec8]" name="modifyCustomer" class="com.actitime.testscript.CustomerModule"/>
      </group> <!-- regressionTest -->
      <group name="smokeTest">
        <method signature="CustomerModule.createCustomer()[pri:0, instance:com.actitime.testscript.CustomerModule@31c88ec8]" name="createCustomer" class="com.actitime.testscript.CustomerModule"/>
      </group> <!-- smokeTest -->
    </groups>
    <test started-at="2023-05-19T11:13:13 IST" name="Default test" finished-at="2023-05-19T11:16:03 IST" duration-ms="169869">
      <class name="com.actitime.testscript.CustomerModule">
        <test-method is-config="true" signature="openBrowser()[pri:0, instance:com.actitime.testscript.CustomerModule@31c88ec8]" started-at="2023-05-19T11:13:13 IST" name="openBrowser" finished-at="2023-05-19T11:15:59 IST" duration-ms="165291" status="FAIL">
          <exception class="org.openqa.selenium.WebDriverException">
            <message>
              <![CDATA[unknown error: DevToolsActivePort file doesn't exist
Build info: version: '3.141.59', revision: 'e82be7d358', time: '2018-11-14T08:25:53'
System info: host: 'SENTHUR', ip: '192.168.29.119', os.name: 'Windows 8.1', os.arch: 'amd64', os.version: '6.3', java.version: '19'
Driver info: driver.version: ChromeDriver
remote stacktrace: Backtrace:
(No symbol) [0x012C6643]
(No symbol) [0x0125BE21]
(No symbol) [0x0115DA9D]
(No symbol) [0x01181D8E]
(No symbol) [0x0117D3F0]
(No symbol) [0x0117A899]
(No symbol) [0x011B6917]
(No symbol) [0x011B655C]
(No symbol) [0x011AFB76]
(No symbol) [0x011849C1]
(No symbol) [0x01185E5D]
GetHandleVerifier [0x0153A142+2497106]
GetHandleVerifier [0x015685D3+2686691]
GetHandleVerifier [0x0156BB9C+2700460]
GetHandleVerifier [0x01373B10+635936]
(No symbol) [0x01264A1F]
(No symbol) [0x0126A418]
(No symbol) [0x0126A505]
(No symbol) [0x0127508B]
BaseThreadInitThunk [0x75726A24+36]
RtlInitializeExceptionChain [0x77BCA9FF+143]
RtlInitializeExceptionChain [0x77BCA9CA+90]
]]>
            </message>
            <full-stacktrace>
              <![CDATA[org.openqa.selenium.WebDriverException: unknown error: DevToolsActivePort file doesn't exist
Build info: version: '3.141.59', revision: 'e82be7d358', time: '2018-11-14T08:25:53'
System info: host: 'SENTHUR', ip: '192.168.29.119', os.name: 'Windows 8.1', os.arch: 'amd64', os.version: '6.3', java.version: '19'
Driver info: driver.version: ChromeDriver
remote stacktrace: Backtrace:
(No symbol) [0x012C6643]
(No symbol) [0x0125BE21]
(No symbol) [0x0115DA9D]
(No symbol) [0x01181D8E]
(No symbol) [0x0117D3F0]
(No symbol) [0x0117A899]
(No symbol) [0x011B6917]
(No symbol) [0x011B655C]
(No symbol) [0x011AFB76]
(No symbol) [0x011849C1]
(No symbol) [0x01185E5D]
GetHandleVerifier [0x0153A142+2497106]
GetHandleVerifier [0x015685D3+2686691]
GetHandleVerifier [0x0156BB9C+2700460]
GetHandleVerifier [0x01373B10+635936]
(No symbol) [0x01264A1F]
(No symbol) [0x0126A418]
(No symbol) [0x0126A505]
(No symbol) [0x0127508B]
BaseThreadInitThunk [0x75726A24+36]
RtlInitializeExceptionChain [0x77BCA9FF+143]
RtlInitializeExceptionChain [0x77BCA9CA+90]

at java.base/jdk.internal.reflect.DirectConstructorHandleAccessor.newInstance(DirectConstructorHandleAccessor.java:67)
at java.base/java.lang.reflect.Constructor.newInstanceWithCaller(Constructor.java:500)
at java.base/java.lang.reflect.Constructor.newInstance(Constructor.java:484)
at org.openqa.selenium.remote.W3CHandshakeResponse.lambda$errorHandler$0(W3CHandshakeResponse.java:62)
at org.openqa.selenium.remote.HandshakeResponse.lambda$getResponseFunction$0(HandshakeResponse.java:30)
at org.openqa.selenium.remote.ProtocolHandshake.lambda$createSession$0(ProtocolHandshake.java:126)
at java.base/java.util.stream.ReferencePipeline$3$1.accept(ReferencePipeline.java:197)
at java.base/java.util.Spliterators$ArraySpliterator.tryAdvance(Spliterators.java:1016)
at java.base/java.util.stream.ReferencePipeline.forEachWithCancel(ReferencePipeline.java:129)
at java.base/java.util.stream.AbstractPipeline.copyIntoWithCancel(AbstractPipeline.java:527)
at java.base/java.util.stream.AbstractPipeline.copyInto(AbstractPipeline.java:513)
at java.base/java.util.stream.AbstractPipeline.wrapAndCopyInto(AbstractPipeline.java:499)
at java.base/java.util.stream.FindOps$FindOp.evaluateSequential(FindOps.java:150)
at java.base/java.util.stream.AbstractPipeline.evaluate(AbstractPipeline.java:234)
at java.base/java.util.stream.ReferencePipeline.findFirst(ReferencePipeline.java:647)
at org.openqa.selenium.remote.ProtocolHandshake.createSession(ProtocolHandshake.java:128)
at org.openqa.selenium.remote.ProtocolHandshake.createSession(ProtocolHandshake.java:74)
at org.openqa.selenium.remote.HttpCommandExecutor.execute(HttpCommandExecutor.java:136)
at org.openqa.selenium.remote.service.DriverCommandExecutor.execute(DriverCommandExecutor.java:83)
at org.openqa.selenium.remote.RemoteWebDriver.execute(RemoteWebDriver.java:552)
at org.openqa.selenium.remote.RemoteWebDriver.startSession(RemoteWebDriver.java:213)
at org.openqa.selenium.remote.RemoteWebDriver.<init>(RemoteWebDriver.java:131)
at org.openqa.selenium.chrome.ChromeDriver.<init>(ChromeDriver.java:181)
at org.openqa.selenium.chrome.ChromeDriver.<init>(ChromeDriver.java:168)
at org.openqa.selenium.chrome.ChromeDriver.<init>(ChromeDriver.java:123)
at com.actitime.generic.BaseClass.openBrowser(BaseClass.java:23)
at java.base/jdk.internal.reflect.DirectMethodHandleAccessor.invoke(DirectMethodHandleAccessor.java:104)
at java.base/java.lang.reflect.Method.invoke(Method.java:578)
at org.testng.internal.MethodInvocationHelper.invokeMethod(MethodInvocationHelper.java:133)
at org.testng.internal.MethodInvocationHelper.invokeMethodConsideringTimeout(MethodInvocationHelper.java:62)
at org.testng.internal.ConfigInvoker.invokeConfigurationMethod(ConfigInvoker.java:385)
at org.testng.internal.ConfigInvoker.invokeConfigurations(ConfigInvoker.java:321)
at org.testng.TestRunner.invokeTestConfigurations(TestRunner.java:637)
at org.testng.TestRunner.beforeRun(TestRunner.java:627)
at org.testng.TestRunner.run(TestRunner.java:589)
at org.testng.SuiteRunner.runTest(SuiteRunner.java:377)
at org.testng.SuiteRunner.runSequentially(SuiteRunner.java:371)
at org.testng.SuiteRunner.privateRun(SuiteRunner.java:332)
at org.testng.SuiteRunner.run(SuiteRunner.java:276)
at org.testng.SuiteRunnerWorker.runSuite(SuiteRunnerWorker.java:53)
at org.testng.SuiteRunnerWorker.run(SuiteRunnerWorker.java:96)
at org.testng.TestNG.runSuitesSequentially(TestNG.java:1212)
at org.testng.TestNG.runSuitesLocally(TestNG.java:1134)
at org.testng.TestNG.runSuites(TestNG.java:1063)
at org.testng.TestNG.run(TestNG.java:1031)
at org.testng.remote.AbstractRemoteTestNG.run(AbstractRemoteTestNG.java:115)
at org.testng.remote.RemoteTestNG.initAndRun(RemoteTestNG.java:251)
at org.testng.remote.RemoteTestNG.main(RemoteTestNG.java:77)
]]>
            </full-stacktrace>
          </exception> <!-- org.openqa.selenium.WebDriverException -->
          <reporter-output>
            <line>
              <![CDATA[openBrowser]]>
            </line>
          </reporter-output>
        </test-method> <!-- openBrowser -->
        <test-method is-config="true" signature="login()[pri:0, instance:com.actitime.testscript.CustomerModule@31c88ec8]" started-at="2023-05-19T11:16:03 IST" name="login" finished-at="1970-01-01T05:30:00 IST" duration-ms="-1684475163326" status="SKIP">
          <reporter-output>
          </reporter-output>
        </test-method> <!-- login -->
        <test-method signature="createCustomer()[pri:0, instance:com.actitime.testscript.CustomerModule@31c88ec8]" started-at="2023-05-19T11:16:03 IST" name="createCustomer" finished-at="2023-05-19T11:16:03 IST" duration-ms="0" status="SKIP">
          <exception class="org.openqa.selenium.WebDriverException">
            <message>
              <![CDATA[unknown error: DevToolsActivePort file doesn't exist
Build info: version: '3.141.59', revision: 'e82be7d358', time: '2018-11-14T08:25:53'
System info: host: 'SENTHUR', ip: '192.168.29.119', os.name: 'Windows 8.1', os.arch: 'amd64', os.version: '6.3', java.version: '19'
Driver info: driver.version: ChromeDriver
remote stacktrace: Backtrace:
(No symbol) [0x012C6643]
(No symbol) [0x0125BE21]
(No symbol) [0x0115DA9D]
(No symbol) [0x01181D8E]
(No symbol) [0x0117D3F0]
(No symbol) [0x0117A899]
(No symbol) [0x011B6917]
(No symbol) [0x011B655C]
(No symbol) [0x011AFB76]
(No symbol) [0x011849C1]
(No symbol) [0x01185E5D]
GetHandleVerifier [0x0153A142+2497106]
GetHandleVerifier [0x015685D3+2686691]
GetHandleVerifier [0x0156BB9C+2700460]
GetHandleVerifier [0x01373B10+635936]
(No symbol) [0x01264A1F]
(No symbol) [0x0126A418]
(No symbol) [0x0126A505]
(No symbol) [0x0127508B]
BaseThreadInitThunk [0x75726A24+36]
RtlInitializeExceptionChain [0x77BCA9FF+143]
RtlInitializeExceptionChain [0x77BCA9CA+90]
]]>
            </message>
            <full-stacktrace>
              <![CDATA[org.openqa.selenium.WebDriverException: unknown error: DevToolsActivePort file doesn't exist
Build info: version: '3.141.59', revision: 'e82be7d358', time: '2018-11-14T08:25:53'
System info: host: 'SENTHUR', ip: '192.168.29.119', os.name: 'Windows 8.1', os.arch: 'amd64', os.version: '6.3', java.version: '19'
Driver info: driver.version: ChromeDriver
remote stacktrace: Backtrace:
(No symbol) [0x012C6643]
(No symbol) [0x0125BE21]
(No symbol) [0x0115DA9D]
(No symbol) [0x01181D8E]
(No symbol) [0x0117D3F0]
(No symbol) [0x0117A899]
(No symbol) [0x011B6917]
(No symbol) [0x011B655C]
(No symbol) [0x011AFB76]
(No symbol) [0x011849C1]
(No symbol) [0x01185E5D]
GetHandleVerifier [0x0153A142+2497106]
GetHandleVerifier [0x015685D3+2686691]
GetHandleVerifier [0x0156BB9C+2700460]
GetHandleVerifier [0x01373B10+635936]
(No symbol) [0x01264A1F]
(No symbol) [0x0126A418]
(No symbol) [0x0126A505]
(No symbol) [0x0127508B]
BaseThreadInitThunk [0x75726A24+36]
RtlInitializeExceptionChain [0x77BCA9FF+143]
RtlInitializeExceptionChain [0x77BCA9CA+90]

at java.base/jdk.internal.reflect.DirectConstructorHandleAccessor.newInstance(DirectConstructorHandleAccessor.java:67)
at java.base/java.lang.reflect.Constructor.newInstanceWithCaller(Constructor.java:500)
at java.base/java.lang.reflect.Constructor.newInstance(Constructor.java:484)
at org.openqa.selenium.remote.W3CHandshakeResponse.lambda$errorHandler$0(W3CHandshakeResponse.java:62)
at org.openqa.selenium.remote.HandshakeResponse.lambda$getResponseFunction$0(HandshakeResponse.java:30)
at org.openqa.selenium.remote.ProtocolHandshake.lambda$createSession$0(ProtocolHandshake.java:126)
at java.base/java.util.stream.ReferencePipeline$3$1.accept(ReferencePipeline.java:197)
at java.base/java.util.Spliterators$ArraySpliterator.tryAdvance(Spliterators.java:1016)
at java.base/java.util.stream.ReferencePipeline.forEachWithCancel(ReferencePipeline.java:129)
at java.base/java.util.stream.AbstractPipeline.copyIntoWithCancel(AbstractPipeline.java:527)
at java.base/java.util.stream.AbstractPipeline.copyInto(AbstractPipeline.java:513)
at java.base/java.util.stream.AbstractPipeline.wrapAndCopyInto(AbstractPipeline.java:499)
at java.base/java.util.stream.FindOps$FindOp.evaluateSequential(FindOps.java:150)
at java.base/java.util.stream.AbstractPipeline.evaluate(AbstractPipeline.java:234)
at java.base/java.util.stream.ReferencePipeline.findFirst(ReferencePipeline.java:647)
at org.openqa.selenium.remote.ProtocolHandshake.createSession(ProtocolHandshake.java:128)
at org.openqa.selenium.remote.ProtocolHandshake.createSession(ProtocolHandshake.java:74)
at org.openqa.selenium.remote.HttpCommandExecutor.execute(HttpCommandExecutor.java:136)
at org.openqa.selenium.remote.service.DriverCommandExecutor.execute(DriverCommandExecutor.java:83)
at org.openqa.selenium.remote.RemoteWebDriver.execute(RemoteWebDriver.java:552)
at org.openqa.selenium.remote.RemoteWebDriver.startSession(RemoteWebDriver.java:213)
at org.openqa.selenium.remote.RemoteWebDriver.<init>(RemoteWebDriver.java:131)
at org.openqa.selenium.chrome.ChromeDriver.<init>(ChromeDriver.java:181)
at org.openqa.selenium.chrome.ChromeDriver.<init>(ChromeDriver.java:168)
at org.openqa.selenium.chrome.ChromeDriver.<init>(ChromeDriver.java:123)
at com.actitime.generic.BaseClass.openBrowser(BaseClass.java:23)
at java.base/jdk.internal.reflect.DirectMethodHandleAccessor.invoke(DirectMethodHandleAccessor.java:104)
at java.base/java.lang.reflect.Method.invoke(Method.java:578)
at org.testng.internal.MethodInvocationHelper.invokeMethod(MethodInvocationHelper.java:133)
at org.testng.internal.MethodInvocationHelper.invokeMethodConsideringTimeout(MethodInvocationHelper.java:62)
at org.testng.internal.ConfigInvoker.invokeConfigurationMethod(ConfigInvoker.java:385)
at org.testng.internal.ConfigInvoker.invokeConfigurations(ConfigInvoker.java:321)
at org.testng.TestRunner.invokeTestConfigurations(TestRunner.java:637)
at org.testng.TestRunner.beforeRun(TestRunner.java:627)
at org.testng.TestRunner.run(TestRunner.java:589)
at org.testng.SuiteRunner.runTest(SuiteRunner.java:377)
at org.testng.SuiteRunner.runSequentially(SuiteRunner.java:371)
at org.testng.SuiteRunner.privateRun(SuiteRunner.java:332)
at org.testng.SuiteRunner.run(SuiteRunner.java:276)
at org.testng.SuiteRunnerWorker.runSuite(SuiteRunnerWorker.java:53)
at org.testng.SuiteRunnerWorker.run(SuiteRunnerWorker.java:96)
at org.testng.TestNG.runSuitesSequentially(TestNG.java:1212)
at org.testng.TestNG.runSuitesLocally(TestNG.java:1134)
at org.testng.TestNG.runSuites(TestNG.java:1063)
at org.testng.TestNG.run(TestNG.java:1031)
at org.testng.remote.AbstractRemoteTestNG.run(AbstractRemoteTestNG.java:115)
at org.testng.remote.RemoteTestNG.initAndRun(RemoteTestNG.java:251)
at org.testng.remote.RemoteTestNG.main(RemoteTestNG.java:77)
]]>
            </full-stacktrace>
          </exception> <!-- org.openqa.selenium.WebDriverException -->
          <reporter-output>
          </reporter-output>
        </test-method> <!-- createCustomer -->
        <test-method is-config="true" signature="logout()[pri:0, instance:com.actitime.testscript.CustomerModule@31c88ec8]" started-at="2023-05-19T11:16:03 IST" name="logout" finished-at="1970-01-01T05:30:00 IST" duration-ms="-1684475163411" status="SKIP">
          <reporter-output>
          </reporter-output>
        </test-method> <!-- logout -->
        <test-method is-config="true" signature="login()[pri:0, instance:com.actitime.testscript.CustomerModule@31c88ec8]" started-at="2023-05-19T11:16:03 IST" name="login" finished-at="1970-01-01T05:30:00 IST" duration-ms="-1684475163424" status="SKIP">
          <reporter-output>
          </reporter-output>
        </test-method> <!-- login -->
        <test-method signature="deleteCustomer()[pri:0, instance:com.actitime.testscript.CustomerModule@31c88ec8]" started-at="2023-05-19T11:16:03 IST" name="deleteCustomer" finished-at="2023-05-19T11:16:03 IST" duration-ms="0" status="SKIP">
          <exception class="org.openqa.selenium.WebDriverException">
            <message>
              <![CDATA[unknown error: DevToolsActivePort file doesn't exist
Build info: version: '3.141.59', revision: 'e82be7d358', time: '2018-11-14T08:25:53'
System info: host: 'SENTHUR', ip: '192.168.29.119', os.name: 'Windows 8.1', os.arch: 'amd64', os.version: '6.3', java.version: '19'
Driver info: driver.version: ChromeDriver
remote stacktrace: Backtrace:
(No symbol) [0x012C6643]
(No symbol) [0x0125BE21]
(No symbol) [0x0115DA9D]
(No symbol) [0x01181D8E]
(No symbol) [0x0117D3F0]
(No symbol) [0x0117A899]
(No symbol) [0x011B6917]
(No symbol) [0x011B655C]
(No symbol) [0x011AFB76]
(No symbol) [0x011849C1]
(No symbol) [0x01185E5D]
GetHandleVerifier [0x0153A142+2497106]
GetHandleVerifier [0x015685D3+2686691]
GetHandleVerifier [0x0156BB9C+2700460]
GetHandleVerifier [0x01373B10+635936]
(No symbol) [0x01264A1F]
(No symbol) [0x0126A418]
(No symbol) [0x0126A505]
(No symbol) [0x0127508B]
BaseThreadInitThunk [0x75726A24+36]
RtlInitializeExceptionChain [0x77BCA9FF+143]
RtlInitializeExceptionChain [0x77BCA9CA+90]
]]>
            </message>
            <full-stacktrace>
              <![CDATA[org.openqa.selenium.WebDriverException: unknown error: DevToolsActivePort file doesn't exist
Build info: version: '3.141.59', revision: 'e82be7d358', time: '2018-11-14T08:25:53'
System info: host: 'SENTHUR', ip: '192.168.29.119', os.name: 'Windows 8.1', os.arch: 'amd64', os.version: '6.3', java.version: '19'
Driver info: driver.version: ChromeDriver
remote stacktrace: Backtrace:
(No symbol) [0x012C6643]
(No symbol) [0x0125BE21]
(No symbol) [0x0115DA9D]
(No symbol) [0x01181D8E]
(No symbol) [0x0117D3F0]
(No symbol) [0x0117A899]
(No symbol) [0x011B6917]
(No symbol) [0x011B655C]
(No symbol) [0x011AFB76]
(No symbol) [0x011849C1]
(No symbol) [0x01185E5D]
GetHandleVerifier [0x0153A142+2497106]
GetHandleVerifier [0x015685D3+2686691]
GetHandleVerifier [0x0156BB9C+2700460]
GetHandleVerifier [0x01373B10+635936]
(No symbol) [0x01264A1F]
(No symbol) [0x0126A418]
(No symbol) [0x0126A505]
(No symbol) [0x0127508B]
BaseThreadInitThunk [0x75726A24+36]
RtlInitializeExceptionChain [0x77BCA9FF+143]
RtlInitializeExceptionChain [0x77BCA9CA+90]

at java.base/jdk.internal.reflect.DirectConstructorHandleAccessor.newInstance(DirectConstructorHandleAccessor.java:67)
at java.base/java.lang.reflect.Constructor.newInstanceWithCaller(Constructor.java:500)
at java.base/java.lang.reflect.Constructor.newInstance(Constructor.java:484)
at org.openqa.selenium.remote.W3CHandshakeResponse.lambda$errorHandler$0(W3CHandshakeResponse.java:62)
at org.openqa.selenium.remote.HandshakeResponse.lambda$getResponseFunction$0(HandshakeResponse.java:30)
at org.openqa.selenium.remote.ProtocolHandshake.lambda$createSession$0(ProtocolHandshake.java:126)
at java.base/java.util.stream.ReferencePipeline$3$1.accept(ReferencePipeline.java:197)
at java.base/java.util.Spliterators$ArraySpliterator.tryAdvance(Spliterators.java:1016)
at java.base/java.util.stream.ReferencePipeline.forEachWithCancel(ReferencePipeline.java:129)
at java.base/java.util.stream.AbstractPipeline.copyIntoWithCancel(AbstractPipeline.java:527)
at java.base/java.util.stream.AbstractPipeline.copyInto(AbstractPipeline.java:513)
at java.base/java.util.stream.AbstractPipeline.wrapAndCopyInto(AbstractPipeline.java:499)
at java.base/java.util.stream.FindOps$FindOp.evaluateSequential(FindOps.java:150)
at java.base/java.util.stream.AbstractPipeline.evaluate(AbstractPipeline.java:234)
at java.base/java.util.stream.ReferencePipeline.findFirst(ReferencePipeline.java:647)
at org.openqa.selenium.remote.ProtocolHandshake.createSession(ProtocolHandshake.java:128)
at org.openqa.selenium.remote.ProtocolHandshake.createSession(ProtocolHandshake.java:74)
at org.openqa.selenium.remote.HttpCommandExecutor.execute(HttpCommandExecutor.java:136)
at org.openqa.selenium.remote.service.DriverCommandExecutor.execute(DriverCommandExecutor.java:83)
at org.openqa.selenium.remote.RemoteWebDriver.execute(RemoteWebDriver.java:552)
at org.openqa.selenium.remote.RemoteWebDriver.startSession(RemoteWebDriver.java:213)
at org.openqa.selenium.remote.RemoteWebDriver.<init>(RemoteWebDriver.java:131)
at org.openqa.selenium.chrome.ChromeDriver.<init>(ChromeDriver.java:181)
at org.openqa.selenium.chrome.ChromeDriver.<init>(ChromeDriver.java:168)
at org.openqa.selenium.chrome.ChromeDriver.<init>(ChromeDriver.java:123)
at com.actitime.generic.BaseClass.openBrowser(BaseClass.java:23)
at java.base/jdk.internal.reflect.DirectMethodHandleAccessor.invoke(DirectMethodHandleAccessor.java:104)
at java.base/java.lang.reflect.Method.invoke(Method.java:578)
at org.testng.internal.MethodInvocationHelper.invokeMethod(MethodInvocationHelper.java:133)
at org.testng.internal.MethodInvocationHelper.invokeMethodConsideringTimeout(MethodInvocationHelper.java:62)
at org.testng.internal.ConfigInvoker.invokeConfigurationMethod(ConfigInvoker.java:385)
at org.testng.internal.ConfigInvoker.invokeConfigurations(ConfigInvoker.java:321)
at org.testng.TestRunner.invokeTestConfigurations(TestRunner.java:637)
at org.testng.TestRunner.beforeRun(TestRunner.java:627)
at org.testng.TestRunner.run(TestRunner.java:589)
at org.testng.SuiteRunner.runTest(SuiteRunner.java:377)
at org.testng.SuiteRunner.runSequentially(SuiteRunner.java:371)
at org.testng.SuiteRunner.privateRun(SuiteRunner.java:332)
at org.testng.SuiteRunner.run(SuiteRunner.java:276)
at org.testng.SuiteRunnerWorker.runSuite(SuiteRunnerWorker.java:53)
at org.testng.SuiteRunnerWorker.run(SuiteRunnerWorker.java:96)
at org.testng.TestNG.runSuitesSequentially(TestNG.java:1212)
at org.testng.TestNG.runSuitesLocally(TestNG.java:1134)
at org.testng.TestNG.runSuites(TestNG.java:1063)
at org.testng.TestNG.run(TestNG.java:1031)
at org.testng.remote.AbstractRemoteTestNG.run(AbstractRemoteTestNG.java:115)
at org.testng.remote.RemoteTestNG.initAndRun(RemoteTestNG.java:251)
at org.testng.remote.RemoteTestNG.main(RemoteTestNG.java:77)
]]>
            </full-stacktrace>
          </exception> <!-- org.openqa.selenium.WebDriverException -->
          <reporter-output>
          </reporter-output>
        </test-method> <!-- deleteCustomer -->
        <test-method is-config="true" signature="logout()[pri:0, instance:com.actitime.testscript.CustomerModule@31c88ec8]" started-at="2023-05-19T11:16:03 IST" name="logout" finished-at="1970-01-01T05:30:00 IST" duration-ms="-1684475163513" status="SKIP">
          <reporter-output>
          </reporter-output>
        </test-method> <!-- logout -->
        <test-method is-config="true" signature="login()[pri:0, instance:com.actitime.testscript.CustomerModule@31c88ec8]" started-at="2023-05-19T11:16:03 IST" name="login" finished-at="1970-01-01T05:30:00 IST" duration-ms="-1684475163548" status="SKIP">
          <reporter-output>
          </reporter-output>
        </test-method> <!-- login -->
        <test-method signature="modifyCustomer()[pri:0, instance:com.actitime.testscript.CustomerModule@31c88ec8]" started-at="2023-05-19T11:16:03 IST" name="modifyCustomer" finished-at="2023-05-19T11:16:03 IST" duration-ms="0" status="SKIP">
          <exception class="org.openqa.selenium.WebDriverException">
            <message>
              <![CDATA[unknown error: DevToolsActivePort file doesn't exist
Build info: version: '3.141.59', revision: 'e82be7d358', time: '2018-11-14T08:25:53'
System info: host: 'SENTHUR', ip: '192.168.29.119', os.name: 'Windows 8.1', os.arch: 'amd64', os.version: '6.3', java.version: '19'
Driver info: driver.version: ChromeDriver
remote stacktrace: Backtrace:
(No symbol) [0x012C6643]
(No symbol) [0x0125BE21]
(No symbol) [0x0115DA9D]
(No symbol) [0x01181D8E]
(No symbol) [0x0117D3F0]
(No symbol) [0x0117A899]
(No symbol) [0x011B6917]
(No symbol) [0x011B655C]
(No symbol) [0x011AFB76]
(No symbol) [0x011849C1]
(No symbol) [0x01185E5D]
GetHandleVerifier [0x0153A142+2497106]
GetHandleVerifier [0x015685D3+2686691]
GetHandleVerifier [0x0156BB9C+2700460]
GetHandleVerifier [0x01373B10+635936]
(No symbol) [0x01264A1F]
(No symbol) [0x0126A418]
(No symbol) [0x0126A505]
(No symbol) [0x0127508B]
BaseThreadInitThunk [0x75726A24+36]
RtlInitializeExceptionChain [0x77BCA9FF+143]
RtlInitializeExceptionChain [0x77BCA9CA+90]
]]>
            </message>
            <full-stacktrace>
              <![CDATA[org.openqa.selenium.WebDriverException: unknown error: DevToolsActivePort file doesn't exist
Build info: version: '3.141.59', revision: 'e82be7d358', time: '2018-11-14T08:25:53'
System info: host: 'SENTHUR', ip: '192.168.29.119', os.name: 'Windows 8.1', os.arch: 'amd64', os.version: '6.3', java.version: '19'
Driver info: driver.version: ChromeDriver
remote stacktrace: Backtrace:
(No symbol) [0x012C6643]
(No symbol) [0x0125BE21]
(No symbol) [0x0115DA9D]
(No symbol) [0x01181D8E]
(No symbol) [0x0117D3F0]
(No symbol) [0x0117A899]
(No symbol) [0x011B6917]
(No symbol) [0x011B655C]
(No symbol) [0x011AFB76]
(No symbol) [0x011849C1]
(No symbol) [0x01185E5D]
GetHandleVerifier [0x0153A142+2497106]
GetHandleVerifier [0x015685D3+2686691]
GetHandleVerifier [0x0156BB9C+2700460]
GetHandleVerifier [0x01373B10+635936]
(No symbol) [0x01264A1F]
(No symbol) [0x0126A418]
(No symbol) [0x0126A505]
(No symbol) [0x0127508B]
BaseThreadInitThunk [0x75726A24+36]
RtlInitializeExceptionChain [0x77BCA9FF+143]
RtlInitializeExceptionChain [0x77BCA9CA+90]

at java.base/jdk.internal.reflect.DirectConstructorHandleAccessor.newInstance(DirectConstructorHandleAccessor.java:67)
at java.base/java.lang.reflect.Constructor.newInstanceWithCaller(Constructor.java:500)
at java.base/java.lang.reflect.Constructor.newInstance(Constructor.java:484)
at org.openqa.selenium.remote.W3CHandshakeResponse.lambda$errorHandler$0(W3CHandshakeResponse.java:62)
at org.openqa.selenium.remote.HandshakeResponse.lambda$getResponseFunction$0(HandshakeResponse.java:30)
at org.openqa.selenium.remote.ProtocolHandshake.lambda$createSession$0(ProtocolHandshake.java:126)
at java.base/java.util.stream.ReferencePipeline$3$1.accept(ReferencePipeline.java:197)
at java.base/java.util.Spliterators$ArraySpliterator.tryAdvance(Spliterators.java:1016)
at java.base/java.util.stream.ReferencePipeline.forEachWithCancel(ReferencePipeline.java:129)
at java.base/java.util.stream.AbstractPipeline.copyIntoWithCancel(AbstractPipeline.java:527)
at java.base/java.util.stream.AbstractPipeline.copyInto(AbstractPipeline.java:513)
at java.base/java.util.stream.AbstractPipeline.wrapAndCopyInto(AbstractPipeline.java:499)
at java.base/java.util.stream.FindOps$FindOp.evaluateSequential(FindOps.java:150)
at java.base/java.util.stream.AbstractPipeline.evaluate(AbstractPipeline.java:234)
at java.base/java.util.stream.ReferencePipeline.findFirst(ReferencePipeline.java:647)
at org.openqa.selenium.remote.ProtocolHandshake.createSession(ProtocolHandshake.java:128)
at org.openqa.selenium.remote.ProtocolHandshake.createSession(ProtocolHandshake.java:74)
at org.openqa.selenium.remote.HttpCommandExecutor.execute(HttpCommandExecutor.java:136)
at org.openqa.selenium.remote.service.DriverCommandExecutor.execute(DriverCommandExecutor.java:83)
at org.openqa.selenium.remote.RemoteWebDriver.execute(RemoteWebDriver.java:552)
at org.openqa.selenium.remote.RemoteWebDriver.startSession(RemoteWebDriver.java:213)
at org.openqa.selenium.remote.RemoteWebDriver.<init>(RemoteWebDriver.java:131)
at org.openqa.selenium.chrome.ChromeDriver.<init>(ChromeDriver.java:181)
at org.openqa.selenium.chrome.ChromeDriver.<init>(ChromeDriver.java:168)
at org.openqa.selenium.chrome.ChromeDriver.<init>(ChromeDriver.java:123)
at com.actitime.generic.BaseClass.openBrowser(BaseClass.java:23)
at java.base/jdk.internal.reflect.DirectMethodHandleAccessor.invoke(DirectMethodHandleAccessor.java:104)
at java.base/java.lang.reflect.Method.invoke(Method.java:578)
at org.testng.internal.MethodInvocationHelper.invokeMethod(MethodInvocationHelper.java:133)
at org.testng.internal.MethodInvocationHelper.invokeMethodConsideringTimeout(MethodInvocationHelper.java:62)
at org.testng.internal.ConfigInvoker.invokeConfigurationMethod(ConfigInvoker.java:385)
at org.testng.internal.ConfigInvoker.invokeConfigurations(ConfigInvoker.java:321)
at org.testng.TestRunner.invokeTestConfigurations(TestRunner.java:637)
at org.testng.TestRunner.beforeRun(TestRunner.java:627)
at org.testng.TestRunner.run(TestRunner.java:589)
at org.testng.SuiteRunner.runTest(SuiteRunner.java:377)
at org.testng.SuiteRunner.runSequentially(SuiteRunner.java:371)
at org.testng.SuiteRunner.privateRun(SuiteRunner.java:332)
at org.testng.SuiteRunner.run(SuiteRunner.java:276)
at org.testng.SuiteRunnerWorker.runSuite(SuiteRunnerWorker.java:53)
at org.testng.SuiteRunnerWorker.run(SuiteRunnerWorker.java:96)
at org.testng.TestNG.runSuitesSequentially(TestNG.java:1212)
at org.testng.TestNG.runSuitesLocally(TestNG.java:1134)
at org.testng.TestNG.runSuites(TestNG.java:1063)
at org.testng.TestNG.run(TestNG.java:1031)
at org.testng.remote.AbstractRemoteTestNG.run(AbstractRemoteTestNG.java:115)
at org.testng.remote.RemoteTestNG.initAndRun(RemoteTestNG.java:251)
at org.testng.remote.RemoteTestNG.main(RemoteTestNG.java:77)
]]>
            </full-stacktrace>
          </exception> <!-- org.openqa.selenium.WebDriverException -->
          <reporter-output>
          </reporter-output>
        </test-method> <!-- modifyCustomer -->
        <test-method is-config="true" signature="logout()[pri:0, instance:com.actitime.testscript.CustomerModule@31c88ec8]" started-at="2023-05-19T11:16:03 IST" name="logout" finished-at="1970-01-01T05:30:00 IST" duration-ms="-1684475163591" status="SKIP">
          <reporter-output>
          </reporter-output>
        </test-method> <!-- logout -->
        <test-method is-config="true" signature="closeBrowser()[pri:0, instance:com.actitime.testscript.CustomerModule@31c88ec8]" started-at="2023-05-19T11:16:03 IST" name="closeBrowser" finished-at="1970-01-01T05:30:00 IST" duration-ms="-1684475163692" status="SKIP">
          <reporter-output>
          </reporter-output>
        </test-method> <!-- closeBrowser -->
      </class> <!-- com.actitime.testscript.CustomerModule -->
    </test> <!-- Default test -->
  </suite> <!-- Default suite -->
</testng-results>
